<?xml version="1.0" encoding="UTF-8"?>
<!-- Generated by org.testng.reporters.JUnitXMLReporter -->
<testsuite hostname="LAPTOP-NQ28SJGQ" ignored="1" name="Default test" tests="1" failures="0" timestamp="2022-02-07T19:10:54 IST" time="28.627" errors="0">
  <testcase name="compareCityTemp" time="10.258" classname="com.weather.tests.ComparatorTest"/>
  <testcase name="compareDifferentCity" time="0.0" classname="com.weather.tests.ComparatorTest">
    <ignored/>
  </testcase> <!-- compareDifferentCity -->
</testsuite> <!-- Default test -->
